# JRE version: OpenJDK Runtime Environment Temurin-17.0.7+7 (17.0.7+7) (build 17.0.7+7)
# Java VM: OpenJDK 64-Bit Server VM Temurin-17.0.7+7 (17.0.7+7, mixed mode, tiered, compressed oops, compressed class ptrs, parallel gc, windows-amd64)
GC Precious Log:
 CPUs: 2 total, 2 available
 Memory: 3998M
 Large Page Support: Disabled
 NUMA Support: Disabled
 Compressed Oops: Enabled (32-bit)
 Alignments: Space 512K, Generation 512K, Heap 2M
 Heap Min Capacity: 100M
 Heap Initial Capacity: 100M
 Heap Max Capacity: 1G
 Pre-touch: Disabled
 Parallel Workers: 2
Heap:
 PSYoungGen      total 3072K, used 910K [0x00000000eab00000, 0x00000000eaf80000, 0x0000000100000000)
  eden space 2048K, 0% used [0x00000000eab00000,0x00000000eab00000,0x00000000ead00000)
  from space 1024K, 88% used [0x00000000eae00000,0x00000000eaee38e8,0x00000000eaf00000)
  to   space 1024K, 0% used [0x00000000ead00000,0x00000000ead00000,0x00000000eae00000)
 ParOldGen       total 323584K, used 322812K [0x00000000c0000000, 0x00000000d3c00000, 0x00000000eab00000)
  object space 323584K, 99% used [0x00000000c0000000,0x00000000d3b3f098,0x00000000d3c00000)
 Metaspace       used 79867K, committed 80896K, reserved 1179648K
  class space    used 8550K, committed 8960K, reserved 1048576K
GC Heap History (20 events):
Event: 729.969 GC heap after
{Heap after GC invocations=888 (full 18):
 PSYoungGen      total 3072K, used 833K [0x00000000eab00000, 0x00000000eb000000, 0x0000000100000000)
  eden space 2048K, 0% used [0x00000000eab00000,0x00000000eab00000,0x00000000ead00000)
  from space 1024K, 81% used [0x00000000ead00000,0x00000000eadd0410,0x00000000eae00000)
  to   space 1536K, 0% used [0x00000000eae80000,0x00000000eae80000,0x00000000eb000000)
 ParOldGen       total 323584K, used 316827K [0x00000000c0000000, 0x00000000d3c00000, 0x00000000eab00000)
  object space 323584K, 97% used [0x00000000c0000000,0x00000000d3566c18,0x00000000d3c00000)
 Metaspace       used 79867K, committed 80896K, reserved 1179648K
  class space    used 8550K, committed 8960K, reserved 1048576K
}
Event: 730.031 GC heap before
{Heap before GC invocations=889 (full 18):
 PSYoungGen      total 3072K, used 2830K [0x00000000eab00000, 0x00000000eb000000, 0x0000000100000000)
  eden space 2048K, 97% used [0x00000000eab00000,0x00000000eacf37c0,0x00000000ead00000)
  from space 1024K, 81% used [0x00000000ead00000,0x00000000eadd0410,0x00000000eae00000)
  to   space 1536K, 0% used [0x00000000eae80000,0x00000000eae80000,0x00000000eb000000)
 ParOldGen       total 323584K, used 316827K [0x00000000c0000000, 0x00000000d3c00000, 0x00000000eab00000)
  object space 323584K, 97% used [0x00000000c0000000,0x00000000d3566c18,0x00000000d3c00000)
 Metaspace       used 79867K, committed 80896K, reserved 1179648K
  class space    used 8550K, committed 8960K, reserved 1048576K
}
Event: 730.036 GC heap after
{Heap after GC invocations=889 (full 18):
 PSYoungGen      total 3072K, used 1520K [0x00000000eab00000, 0x00000000eb100000, 0x0000000100000000)
  eden space 1536K, 0% used [0x00000000eab00000,0x00000000eab00000,0x00000000eac80000)
  from space 1536K, 98% used [0x00000000eae80000,0x00000000eaffc018,0x00000000eb000000)
  to   space 2048K, 0% used [0x00000000eac80000,0x00000000eac80000,0x00000000eae80000)
 ParOldGen       total 323584K, used 316970K [0x00000000c0000000, 0x00000000d3c00000, 0x00000000eab00000)
  object space 323584K, 97% used [0x00000000c0000000,0x00000000d358a9c0,0x00000000d3c00000)
 Metaspace       used 79867K, committed 80896K, reserved 1179648K
  class space    used 8550K, committed 8960K, reserved 1048576K
}
Event: 730.085 GC heap before
{Heap before GC invocations=890 (full 18):
 PSYoungGen      total 3072K, used 3055K [0x00000000eab00000, 0x00000000eb100000, 0x0000000100000000)
  eden space 1536K, 99% used [0x00000000eab00000,0x00000000eac7ffe0,0x00000000eac80000)
  from space 1536K, 98% used [0x00000000eae80000,0x00000000eaffc018,0x00000000eb000000)
  to   space 2048K, 0% used [0x00000000eac80000,0x00000000eac80000,0x00000000eae80000)
 ParOldGen       total 323584K, used 316970K [0x00000000c0000000, 0x00000000d3c00000, 0x00000000eab00000)
  object space 323584K, 97% used [0x00000000c0000000,0x00000000d358a9c0,0x00000000d3c00000)
 Metaspace       used 79867K, committed 80896K, reserved 1179648K
  class space    used 8550K, committed 8960K, reserved 1048576K
}
Event: 730.093 GC heap after
{Heap after GC invocations=890 (full 18):
 PSYoungGen      total 3584K, used 2042K [0x00000000eab00000, 0x00000000eb180000, 0x0000000100000000)
  eden space 1536K, 0% used [0x00000000eab00000,0x00000000eab00000,0x00000000eac80000)
  from space 2048K, 99% used [0x00000000eac80000,0x00000000eae7e908,0x00000000eae80000)
  to   space 2560K, 0% used [0x00000000eaf00000,0x00000000eaf00000,0x00000000eb180000)
 ParOldGen       total 323584K, used 317041K [0x00000000c0000000, 0x00000000d3c00000, 0x00000000eab00000)
  object space 323584K, 97% used [0x00000000c0000000,0x00000000d359c6f0,0x00000000d3c00000)
 Metaspace       used 79867K, committed 80896K, reserved 1179648K
  class space    used 8550K, committed 8960K, reserved 1048576K
}
Event: 730.189 GC heap before
{Heap before GC invocations=891 (full 18):
 PSYoungGen      total 3584K, used 3540K [0x00000000eab00000, 0x00000000eb180000, 0x0000000100000000)
  eden space 1536K, 97% used [0x00000000eab00000,0x00000000eac76838,0x00000000eac80000)
  from space 2048K, 99% used [0x00000000eac80000,0x00000000eae7e908,0x00000000eae80000)
  to   space 2560K, 0% used [0x00000000eaf00000,0x00000000eaf00000,0x00000000eb180000)
 ParOldGen       total 323584K, used 317041K [0x00000000c0000000, 0x00000000d3c00000, 0x00000000eab00000)
  object space 323584K, 97% used [0x00000000c0000000,0x00000000d359c6f0,0x00000000d3c00000)
 Metaspace       used 79867K, committed 80896K, reserved 1179648K
  class space    used 8550K, committed 8960K, reserved 1048576K
}
Event: 730.195 GC heap after
{Heap after GC invocations=891 (full 18):
 PSYoungGen      total 3072K, used 1034K [0x00000000eab00000, 0x00000000eb080000, 0x0000000100000000)
  eden space 1536K, 0% used [0x00000000eab00000,0x00000000eab00000,0x00000000eac80000)
  from space 1536K, 67% used [0x00000000eaf00000,0x00000000eb002a90,0x00000000eb080000)
  to   space 1536K, 0% used [0x00000000ead80000,0x00000000ead80000,0x00000000eaf00000)
 ParOldGen       total 323584K, used 318530K [0x00000000c0000000, 0x00000000d3c00000, 0x00000000eab00000)
  object space 323584K, 98% used [0x00000000c0000000,0x00000000d3710b60,0x00000000d3c00000)
 Metaspace       used 79867K, committed 80896K, reserved 1179648K
  class space    used 8550K, committed 8960K, reserved 1048576K
}
Event: 730.293 GC heap before
{Heap before GC invocations=892 (full 18):
 PSYoungGen      total 3072K, used 2554K [0x00000000eab00000, 0x00000000eb080000, 0x0000000100000000)
  eden space 1536K, 98% used [0x00000000eab00000,0x00000000eac7c160,0x00000000eac80000)
  from space 1536K, 67% used [0x00000000eaf00000,0x00000000eb002a90,0x00000000eb080000)
  to   space 1536K, 0% used [0x00000000ead80000,0x00000000ead80000,0x00000000eaf00000)
 ParOldGen       total 323584K, used 318530K [0x00000000c0000000, 0x00000000d3c00000, 0x00000000eab00000)
  object space 323584K, 98% used [0x00000000c0000000,0x00000000d3710b60,0x00000000d3c00000)
 Metaspace       used 79867K, committed 80896K, reserved 1179648K
  class space    used 8550K, committed 8960K, reserved 1048576K
}
Event: 730.298 GC heap after
{Heap after GC invocations=892 (full 18):
 PSYoungGen      total 3072K, used 1094K [0x00000000eab00000, 0x00000000eaf80000, 0x0000000100000000)
  eden space 1536K, 0% used [0x00000000eab00000,0x00000000eab00000,0x00000000eac80000)
  from space 1536K, 71% used [0x00000000ead80000,0x00000000eae91a80,0x00000000eaf00000)
  to   space 512K, 0% used [0x00000000eaf00000,0x00000000eaf00000,0x00000000eaf80000)
 ParOldGen       total 323584K, used 319086K [0x00000000c0000000, 0x00000000d3c00000, 0x00000000eab00000)
  object space 323584K, 98% used [0x00000000c0000000,0x00000000d379b9f0,0x00000000d3c00000)
 Metaspace       used 79867K, committed 80896K, reserved 1179648K
  class space    used 8550K, committed 8960K, reserved 1048576K
}
Event: 730.340 GC heap before
{Heap before GC invocations=893 (full 18):
 PSYoungGen      total 3072K, used 2625K [0x00000000eab00000, 0x00000000eaf80000, 0x0000000100000000)
  eden space 1536K, 99% used [0x00000000eab00000,0x00000000eac7ea20,0x00000000eac80000)
  from space 1536K, 71% used [0x00000000ead80000,0x00000000eae91a80,0x00000000eaf00000)
  to   space 512K, 0% used [0x00000000eaf00000,0x00000000eaf00000,0x00000000eaf80000)
 ParOldGen       total 323584K, used 319086K [0x00000000c0000000, 0x00000000d3c00000, 0x00000000eab00000)
  object space 323584K, 98% used [0x00000000c0000000,0x00000000d379b9f0,0x00000000d3c00000)
 Metaspace       used 79867K, committed 80896K, reserved 1179648K
  class space    used 8550K, committed 8960K, reserved 1048576K
}
Event: 730.345 GC heap after
{Heap after GC invocations=893 (full 18):
 PSYoungGen      total 2048K, used 508K [0x00000000eab00000, 0x00000000eb080000, 0x0000000100000000)
  eden space 1536K, 0% used [0x00000000eab00000,0x00000000eab00000,0x00000000eac80000)
  from space 512K, 99% used [0x00000000eaf00000,0x00000000eaf7f200,0x00000000eaf80000)
  to   space 2048K, 0% used [0x00000000eac80000,0x00000000eac80000,0x00000000eae80000)
 ParOldGen       total 323584K, used 320269K [0x00000000c0000000, 0x00000000d3c00000, 0x00000000eab00000)
  object space 323584K, 98% used [0x00000000c0000000,0x00000000d38c3568,0x00000000d3c00000)
 Metaspace       used 79867K, committed 80896K, reserved 1179648K
  class space    used 8550K, committed 8960K, reserved 1048576K
}
Event: 730.375 GC heap before
{Heap before GC invocations=894 (full 18):
 PSYoungGen      total 2048K, used 1988K [0x00000000eab00000, 0x00000000eb080000, 0x0000000100000000)
  eden space 1536K, 96% used [0x00000000eab00000,0x00000000eac720d8,0x00000000eac80000)
  from space 512K, 99% used [0x00000000eaf00000,0x00000000eaf7f200,0x00000000eaf80000)
  to   space 2048K, 0% used [0x00000000eac80000,0x00000000eac80000,0x00000000eae80000)
 ParOldGen       total 323584K, used 320269K [0x00000000c0000000, 0x00000000d3c00000, 0x00000000eab00000)
  object space 323584K, 98% used [0x00000000c0000000,0x00000000d38c3568,0x00000000d3c00000)
 Metaspace       used 79867K, committed 80896K, reserved 1179648K
  class space    used 8550K, committed 8960K, reserved 1048576K
}
Event: 730.381 GC heap after
{Heap after GC invocations=894 (full 18):
 PSYoungGen      total 2560K, used 691K [0x00000000eab00000, 0x00000000eaf80000, 0x0000000100000000)
  eden space 1536K, 0% used [0x00000000eab00000,0x00000000eab00000,0x00000000eac80000)
  from space 1024K, 67% used [0x00000000eac80000,0x00000000ead2cfe8,0x00000000ead80000)
  to   space 1536K, 0% used [0x00000000eae00000,0x00000000eae00000,0x00000000eaf80000)
 ParOldGen       total 323584K, used 320707K [0x00000000c0000000, 0x00000000d3c00000, 0x00000000eab00000)
  object space 323584K, 99% used [0x00000000c0000000,0x00000000d3930ed8,0x00000000d3c00000)
 Metaspace       used 79867K, committed 80896K, reserved 1179648K
  class space    used 8550K, committed 8960K, reserved 1048576K
}
Event: 730.403 GC heap before
{Heap before GC invocations=895 (full 18):
 PSYoungGen      total 2560K, used 2178K [0x00000000eab00000, 0x00000000eaf80000, 0x0000000100000000)
  eden space 1536K, 96% used [0x00000000eab00000,0x00000000eac73be8,0x00000000eac80000)
  from space 1024K, 67% used [0x00000000eac80000,0x00000000ead2cfe8,0x00000000ead80000)
  to   space 1536K, 0% used [0x00000000eae00000,0x00000000eae00000,0x00000000eaf80000)
 ParOldGen       total 323584K, used 320707K [0x00000000c0000000, 0x00000000d3c00000, 0x00000000eab00000)
  object space 323584K, 99% used [0x00000000c0000000,0x00000000d3930ed8,0x00000000d3c00000)
 Metaspace       used 79867K, committed 80896K, reserved 1179648K
  class space    used 8550K, committed 8960K, reserved 1048576K
}
Event: 730.408 GC heap after
{Heap after GC invocations=895 (full 18):
 PSYoungGen      total 3072K, used 645K [0x00000000eab00000, 0x00000000eaf00000, 0x0000000100000000)
  eden space 2048K, 0% used [0x00000000eab00000,0x00000000eab00000,0x00000000ead00000)
  from space 1024K, 63% used [0x00000000eae00000,0x00000000eaea14c0,0x00000000eaf00000)
  to   space 1024K, 0% used [0x00000000ead00000,0x00000000ead00000,0x00000000eae00000)
 ParOldGen       total 323584K, used 321392K [0x00000000c0000000, 0x00000000d3c00000, 0x00000000eab00000)
  object space 323584K, 99% used [0x00000000c0000000,0x00000000d39dc110,0x00000000d3c00000)
 Metaspace       used 79867K, committed 80896K, reserved 1179648K
  class space    used 8550K, committed 8960K, reserved 1048576K
}
Event: 730.539 GC heap before
{Heap before GC invocations=896 (full 18):
 PSYoungGen      total 3072K, used 2641K [0x00000000eab00000, 0x00000000eaf00000, 0x0000000100000000)
  eden space 2048K, 97% used [0x00000000eab00000,0x00000000eacf30f0,0x00000000ead00000)
  from space 1024K, 63% used [0x00000000eae00000,0x00000000eaea14c0,0x00000000eaf00000)
  to   space 1024K, 0% used [0x00000000ead00000,0x00000000ead00000,0x00000000eae00000)
 ParOldGen       total 323584K, used 321392K [0x00000000c0000000, 0x00000000d3c00000, 0x00000000eab00000)
  object space 323584K, 99% used [0x00000000c0000000,0x00000000d39dc110,0x00000000d3c00000)
 Metaspace       used 79867K, committed 80896K, reserved 1179648K
  class space    used 8550K, committed 8960K, reserved 1048576K
}
Event: 730.546 GC heap after
{Heap after GC invocations=896 (full 18):
 PSYoungGen      total 3072K, used 896K [0x00000000eab00000, 0x00000000eaf00000, 0x0000000100000000)
  eden space 2048K, 0% used [0x00000000eab00000,0x00000000eab00000,0x00000000ead00000)
  from space 1024K, 87% used [0x00000000ead00000,0x00000000eade0378,0x00000000eae00000)
  to   space 1024K, 0% used [0x00000000eae00000,0x00000000eae00000,0x00000000eaf00000)
 ParOldGen       total 323584K, used 322019K [0x00000000c0000000, 0x00000000d3c00000, 0x00000000eab00000)
  object space 323584K, 99% used [0x00000000c0000000,0x00000000d3a78ed0,0x00000000d3c00000)
 Metaspace       used 79867K, committed 80896K, reserved 1179648K
  class space    used 8550K, committed 8960K, reserved 1048576K
}
Event: 730.557 GC heap before
{Heap before GC invocations=897 (full 18):
 PSYoungGen      total 3072K, used 2941K [0x00000000eab00000, 0x00000000eaf00000, 0x0000000100000000)
  eden space 2048K, 99% used [0x00000000eab00000,0x00000000eacff130,0x00000000ead00000)
  from space 1024K, 87% used [0x00000000ead00000,0x00000000eade0378,0x00000000eae00000)
  to   space 1024K, 0% used [0x00000000eae00000,0x00000000eae00000,0x00000000eaf00000)
 ParOldGen       total 323584K, used 322019K [0x00000000c0000000, 0x00000000d3c00000, 0x00000000eab00000)
  object space 323584K, 99% used [0x00000000c0000000,0x00000000d3a78ed0,0x00000000d3c00000)
 Metaspace       used 79867K, committed 80896K, reserved 1179648K
  class space    used 8550K, committed 8960K, reserved 1048576K
}
Event: 730.564 GC heap after
{Heap after GC invocations=897 (full 18):
 PSYoungGen      total 3072K, used 910K [0x00000000eab00000, 0x00000000eaf80000, 0x0000000100000000)
  eden space 2048K, 0% used [0x00000000eab00000,0x00000000eab00000,0x00000000ead00000)
  from space 1024K, 88% used [0x00000000eae00000,0x00000000eaee38e8,0x00000000eaf00000)
  to   space 1024K, 0% used [0x00000000ead00000,0x00000000ead00000,0x00000000eae00000)
 ParOldGen       total 323584K, used 322812K [0x00000000c0000000, 0x00000000d3c00000, 0x00000000eab00000)
  object space 323584K, 99% used [0x00000000c0000000,0x00000000d3b3f098,0x00000000d3c00000)
 Metaspace       used 79867K, committed 80896K, reserved 1179648K
  class space    used 8550K, committed 8960K, reserved 1048576K
}
Event: 730.564 GC heap before
{Heap before GC invocations=898 (full 19):
 PSYoungGen      total 3072K, used 910K [0x00000000eab00000, 0x00000000eaf80000, 0x0000000100000000)
  eden space 2048K, 0% used [0x00000000eab00000,0x00000000eab00000,0x00000000ead00000)
  from space 1024K, 88% used [0x00000000eae00000,0x00000000eaee38e8,0x00000000eaf00000)
  to   space 1024K, 0% used [0x00000000ead00000,0x00000000ead00000,0x00000000eae00000)
 ParOldGen       total 323584K, used 322812K [0x00000000c0000000, 0x00000000d3c00000, 0x00000000eab00000)
  object space 323584K, 99% used [0x00000000c0000000,0x00000000d3b3f098,0x00000000d3c00000)
 Metaspace       used 79867K, committed 80896K, reserved 1179648K
  class space    used 8550K, committed 8960K, reserved 1048576K
}

